<object-stream>
<org.drools.core.audit.WorkingMemoryLog>
  <version>6.1</version>
  <events>
    <org.drools.core.audit.event.ObjectLogEvent>
      <type>1</type>
      <factId>1</factId>
      <objectToString>com.sample.DroolsTest$Message@12ffd1de</objectToString>
    </org.drools.core.audit.event.ObjectLogEvent>
    <org.drools.core.audit.event.ActivationLogEvent>
      <type>4</type>
      <activationId>Hello Nico [1]</activationId>
      <rule>Hello Nico</rule>
      <declarations>m=com.sample.DroolsTest$Message@12ffd1de; myMessage=Hello Grupo 1</declarations>
      <factHandleIds>1</factHandleIds>
    </org.drools.core.audit.event.ActivationLogEvent>
    <org.drools.core.audit.event.ActivationLogEvent>
      <type>6</type>
      <activationId>Hello Nico [1]</activationId>
      <rule>Hello Nico</rule>
      <declarations>m=com.sample.DroolsTest$Message@12ffd1de; myMessage=Hello Grupo 1</declarations>
      <factHandleIds>1</factHandleIds>
    </org.drools.core.audit.event.ActivationLogEvent>
    <org.drools.core.audit.event.ObjectLogEvent>
      <type>2</type>
      <factId>1</factId>
      <objectToString>com.sample.DroolsTest$Message@12ffd1de</objectToString>
    </org.drools.core.audit.event.ObjectLogEvent>
    <org.drools.core.audit.event.ActivationLogEvent>
      <type>7</type>
      <activationId>Hello Nico [1]</activationId>
      <rule>Hello Nico</rule>
      <declarations>m=com.sample.DroolsTest$Message@12ffd1de; myMessage=Goodbye Grupo 1</declarations>
      <factHandleIds>1</factHandleIds>
    </org.drools.core.audit.event.ActivationLogEvent>
    <org.drools.core.audit.event.ActivationLogEvent>
      <type>4</type>
      <activationId>GoodBye [1]</activationId>
      <rule>GoodBye</rule>
      <declarations>myMessage=Goodbye Grupo 1</declarations>
      <factHandleIds>1</factHandleIds>
    </org.drools.core.audit.event.ActivationLogEvent>
    <org.drools.core.audit.event.ActivationLogEvent>
      <type>6</type>
      <activationId>GoodBye [1]</activationId>
      <rule>GoodBye</rule>
      <declarations>myMessage=Goodbye Grupo 1</declarations>
      <factHandleIds>1</factHandleIds>
    </org.drools.core.audit.event.ActivationLogEvent>
    <org.drools.core.audit.event.ActivationLogEvent>
      <type>7</type>
      <activationId>GoodBye [1]</activationId>
      <rule>GoodBye</rule>
      <declarations>myMessage=Goodbye Grupo 1</declarations>
      <factHandleIds>1</factHandleIds>
    </org.drools.core.audit.event.ActivationLogEvent>
  </events>
</org.drools.core.audit.WorkingMemoryLog>
</object-stream>
