<object-stream>
<org.drools.core.audit.WorkingMemoryLog>
  <version>6.1</version>
  <events>
    <org.drools.core.audit.event.ObjectLogEvent>
      <type>1</type>
      <factId>1</factId>
      <objectToString>com.sample.Order@70fab835</objectToString>
    </org.drools.core.audit.event.ObjectLogEvent>
    <org.drools.core.audit.event.ActivationLogEvent>
      <type>4</type>
      <activationId>Initial rule [1, 3]</activationId>
      <rule>Initial rule</rule>
      <declarations>totalPrice=100.0; order=com.sample.Order@70fab835</declarations>
      <factHandleIds>1,3</factHandleIds>
    </org.drools.core.audit.event.ActivationLogEvent>
    <org.drools.core.audit.event.ActivationLogEvent>
      <type>6</type>
      <activationId>Initial rule [1, 3]</activationId>
      <rule>Initial rule</rule>
      <declarations>totalPrice=100.0; order=com.sample.Order@70fab835</declarations>
      <factHandleIds>1,3</factHandleIds>
    </org.drools.core.audit.event.ActivationLogEvent>
    <org.drools.core.audit.event.ActivationLogEvent>
      <type>7</type>
      <activationId>Initial rule [1, 3]</activationId>
      <rule>Initial rule</rule>
      <declarations>totalPrice=100.0; order=com.sample.Order@70fab835</declarations>
      <factHandleIds>1,3</factHandleIds>
    </org.drools.core.audit.event.ActivationLogEvent>
    <org.drools.core.audit.event.ActivationLogEvent>
      <type>4</type>
      <activationId>SILVER customer rule [1, 4]</activationId>
      <rule>SILVER customer rule</rule>
      <declarations>order=com.sample.Order@70fab835; customer=com.sample.Customer@1c32886a</declarations>
      <factHandleIds>1,4</factHandleIds>
    </org.drools.core.audit.event.ActivationLogEvent>
    <org.drools.core.audit.event.ActivationLogEvent>
      <type>6</type>
      <activationId>SILVER customer rule [1, 4]</activationId>
      <rule>SILVER customer rule</rule>
      <declarations>order=com.sample.Order@70fab835; customer=com.sample.Customer@1c32886a</declarations>
      <factHandleIds>1,4</factHandleIds>
    </org.drools.core.audit.event.ActivationLogEvent>
    <org.drools.core.audit.event.ActivationLogEvent>
      <type>7</type>
      <activationId>SILVER customer rule [1, 4]</activationId>
      <rule>SILVER customer rule</rule>
      <declarations>order=com.sample.Order@70fab835; customer=com.sample.Customer@1c32886a</declarations>
      <factHandleIds>1,4</factHandleIds>
    </org.drools.core.audit.event.ActivationLogEvent>
    <org.drools.core.audit.event.ObjectLogEvent>
      <type>1</type>
      <factId>6</factId>
      <objectToString>com.sample.Order@3a4b0e5d</objectToString>
    </org.drools.core.audit.event.ObjectLogEvent>
    <org.drools.core.audit.event.ActivationLogEvent>
      <type>4</type>
      <activationId>Initial rule [6, 8]</activationId>
      <rule>Initial rule</rule>
      <declarations>totalPrice=100.0; order=com.sample.Order@3a4b0e5d</declarations>
      <factHandleIds>6,8</factHandleIds>
    </org.drools.core.audit.event.ActivationLogEvent>
    <org.drools.core.audit.event.ActivationLogEvent>
      <type>6</type>
      <activationId>Initial rule [6, 8]</activationId>
      <rule>Initial rule</rule>
      <declarations>totalPrice=100.0; order=com.sample.Order@3a4b0e5d</declarations>
      <factHandleIds>6,8</factHandleIds>
    </org.drools.core.audit.event.ActivationLogEvent>
    <org.drools.core.audit.event.ActivationLogEvent>
      <type>7</type>
      <activationId>Initial rule [6, 8]</activationId>
      <rule>Initial rule</rule>
      <declarations>totalPrice=100.0; order=com.sample.Order@3a4b0e5d</declarations>
      <factHandleIds>6,8</factHandleIds>
    </org.drools.core.audit.event.ActivationLogEvent>
    <org.drools.core.audit.event.ActivationLogEvent>
      <type>4</type>
      <activationId>GOLD customer rule [6, 10]</activationId>
      <rule>GOLD customer rule</rule>
      <declarations>order=com.sample.Order@3a4b0e5d; customer=com.sample.Customer@579d011c</declarations>
      <factHandleIds>6,10</factHandleIds>
    </org.drools.core.audit.event.ActivationLogEvent>
    <org.drools.core.audit.event.ActivationLogEvent>
      <type>6</type>
      <activationId>GOLD customer rule [6, 10]</activationId>
      <rule>GOLD customer rule</rule>
      <declarations>order=com.sample.Order@3a4b0e5d; customer=com.sample.Customer@579d011c</declarations>
      <factHandleIds>6,10</factHandleIds>
    </org.drools.core.audit.event.ActivationLogEvent>
    <org.drools.core.audit.event.ActivationLogEvent>
      <type>7</type>
      <activationId>GOLD customer rule [6, 10]</activationId>
      <rule>GOLD customer rule</rule>
      <declarations>order=com.sample.Order@3a4b0e5d; customer=com.sample.Customer@579d011c</declarations>
      <factHandleIds>6,10</factHandleIds>
    </org.drools.core.audit.event.ActivationLogEvent>
    <org.drools.core.audit.event.ObjectLogEvent>
      <type>1</type>
      <factId>11</factId>
      <objectToString>com.sample.Order@3670f00</objectToString>
    </org.drools.core.audit.event.ObjectLogEvent>
    <org.drools.core.audit.event.ActivationLogEvent>
      <type>4</type>
      <activationId>Initial rule [11, 23]</activationId>
      <rule>Initial rule</rule>
      <declarations>totalPrice=1100.0; order=com.sample.Order@3670f00</declarations>
      <factHandleIds>11,23</factHandleIds>
    </org.drools.core.audit.event.ActivationLogEvent>
    <org.drools.core.audit.event.ActivationLogEvent>
      <type>6</type>
      <activationId>Initial rule [11, 23]</activationId>
      <rule>Initial rule</rule>
      <declarations>totalPrice=1100.0; order=com.sample.Order@3670f00</declarations>
      <factHandleIds>11,23</factHandleIds>
    </org.drools.core.audit.event.ActivationLogEvent>
    <org.drools.core.audit.event.ActivationLogEvent>
      <type>7</type>
      <activationId>Initial rule [11, 23]</activationId>
      <rule>Initial rule</rule>
      <declarations>totalPrice=1100.0; order=com.sample.Order@3670f00</declarations>
      <factHandleIds>11,23</factHandleIds>
    </org.drools.core.audit.event.ActivationLogEvent>
    <org.drools.core.audit.event.ActivationLogEvent>
      <type>4</type>
      <activationId>GOLD customer rule [11, 25]</activationId>
      <rule>GOLD customer rule</rule>
      <declarations>order=com.sample.Order@3670f00; customer=com.sample.Customer@127e70c5</declarations>
      <factHandleIds>11,25</factHandleIds>
    </org.drools.core.audit.event.ActivationLogEvent>
    <org.drools.core.audit.event.ActivationLogEvent>
      <type>6</type>
      <activationId>GOLD customer rule [11, 25]</activationId>
      <rule>GOLD customer rule</rule>
      <declarations>order=com.sample.Order@3670f00; customer=com.sample.Customer@127e70c5</declarations>
      <factHandleIds>11,25</factHandleIds>
    </org.drools.core.audit.event.ActivationLogEvent>
    <org.drools.core.audit.event.ActivationLogEvent>
      <type>7</type>
      <activationId>GOLD customer rule [11, 25]</activationId>
      <rule>GOLD customer rule</rule>
      <declarations>order=com.sample.Order@3670f00; customer=com.sample.Customer@127e70c5</declarations>
      <factHandleIds>11,25</factHandleIds>
    </org.drools.core.audit.event.ActivationLogEvent>
  </events>
</org.drools.core.audit.WorkingMemoryLog>
</object-stream>
